<?xml version="1.0" encoding="UTF-8"?>
<coverage generated="1777097446001" clover="3.2.0">
  <project timestamp="1777097446001" name="All files">
    <metrics statements="190" coveredstatements="190" conditionals="24" coveredconditionals="24" methods="11" coveredmethods="11" elements="225" coveredelements="225" complexity="0" loc="190" ncloc="190" packages="3" files="4" classes="4"/>
    <package name="Cart">
      <metrics statements="61" coveredstatements="61" conditionals="7" coveredconditionals="7" methods="3" coveredmethods="3"/>
      <file name="Cart.tsx" path="/home/adriana/Área de trabalho/RPV/mini-loja-testes-rpv/src/components/Cart/Cart.tsx">
        <metrics statements="37" coveredstatements="37" conditionals="5" coveredconditionals="5" methods="1" coveredmethods="1"/>
        <line num="1" count="1" type="stmt"/>
        <line num="2" count="1" type="stmt"/>
        <line num="3" count="1" type="stmt"/>
        <line num="4" count="1" type="stmt"/>
        <line num="5" count="1" type="stmt"/>
        <line num="6" count="1" type="stmt"/>
        <line num="7" count="1" type="stmt"/>
        <line num="8" count="1" type="stmt"/>
        <line num="9" count="1" type="cond" truecount="1" falsecount="0"/>
        <line num="10" count="5" type="stmt"/>
        <line num="11" count="5" type="cond" truecount="1" falsecount="0"/>
        <line num="12" count="5" type="stmt"/>
        <line num="13" count="5" type="stmt"/>
        <line num="14" count="5" type="stmt"/>
        <line num="15" count="5" type="stmt"/>
        <line num="16" count="5" type="stmt"/>
        <line num="17" count="5" type="stmt"/>
        <line num="18" count="5" type="stmt"/>
        <line num="19" count="5" type="stmt"/>
        <line num="20" count="5" type="cond" truecount="1" falsecount="0"/>
        <line num="21" count="2" type="stmt"/>
        <line num="22" count="2" type="cond" truecount="1" falsecount="0"/>
        <line num="23" count="3" type="stmt"/>
        <line num="24" count="3" type="stmt"/>
        <line num="25" count="3" type="stmt"/>
        <line num="26" count="3" type="stmt"/>
        <line num="27" count="3" type="stmt"/>
        <line num="28" count="3" type="cond" truecount="1" falsecount="0"/>
        <line num="29" count="6" type="stmt"/>
        <line num="30" count="3" type="stmt"/>
        <line num="31" count="3" type="stmt"/>
        <line num="32" count="3" type="stmt"/>
        <line num="33" count="3" type="stmt"/>
        <line num="34" count="3" type="stmt"/>
        <line num="35" count="3" type="stmt"/>
        <line num="36" count="3" type="stmt"/>
        <line num="37" count="3" type="stmt"/>
      </file>
      <file name="CartItem.tsx" path="/home/adriana/Área de trabalho/RPV/mini-loja-testes-rpv/src/components/Cart/CartItem.tsx">
        <metrics statements="24" coveredstatements="24" conditionals="2" coveredconditionals="2" methods="2" coveredmethods="2"/>
        <line num="1" count="1" type="stmt"/>
        <line num="2" count="1" type="stmt"/>
        <line num="3" count="1" type="stmt"/>
        <line num="4" count="1" type="stmt"/>
        <line num="5" count="1" type="stmt"/>
        <line num="6" count="1" type="stmt"/>
        <line num="7" count="1" type="stmt"/>
        <line num="8" count="1" type="cond" truecount="1" falsecount="0"/>
        <line num="9" count="6" type="stmt"/>
        <line num="10" count="6" type="stmt"/>
        <line num="11" count="6" type="stmt"/>
        <line num="12" count="6" type="stmt"/>
        <line num="13" count="6" type="stmt"/>
        <line num="14" count="6" type="stmt"/>
        <line num="15" count="6" type="stmt"/>
        <line num="16" count="6" type="stmt"/>
        <line num="17" count="6" type="stmt"/>
        <line num="18" count="6" type="stmt"/>
        <line num="19" count="6" type="stmt"/>
        <line num="20" count="6" type="stmt"/>
        <line num="21" count="6" type="cond" truecount="1" falsecount="0"/>
        <line num="22" count="6" type="stmt"/>
        <line num="23" count="6" type="stmt"/>
        <line num="24" count="6" type="stmt"/>
      </file>
    </package>
    <package name="CheckoutForm">
      <metrics statements="95" coveredstatements="95" conditionals="15" coveredconditionals="15" methods="6" coveredmethods="6"/>
      <file name="CheckoutForm.tsx" path="/home/adriana/Área de trabalho/RPV/mini-loja-testes-rpv/src/components/CheckoutForm/CheckoutForm.tsx">
        <metrics statements="95" coveredstatements="95" conditionals="15" coveredconditionals="15" methods="6" coveredmethods="6"/>
        <line num="1" count="1" type="stmt"/>
        <line num="2" count="1" type="stmt"/>
        <line num="3" count="1" type="stmt"/>
        <line num="4" count="1" type="stmt"/>
        <line num="5" count="1" type="stmt"/>
        <line num="6" count="1" type="stmt"/>
        <line num="7" count="1" type="stmt"/>
        <line num="8" count="1" type="stmt"/>
        <line num="9" count="1" type="stmt"/>
        <line num="10" count="1" type="stmt"/>
        <line num="11" count="1" type="stmt"/>
        <line num="12" count="1" type="stmt"/>
        <line num="13" count="1" type="stmt"/>
        <line num="14" count="1" type="cond" truecount="1" falsecount="0"/>
        <line num="15" count="57" type="stmt"/>
        <line num="16" count="57" type="stmt"/>
        <line num="17" count="57" type="stmt"/>
        <line num="18" count="57" type="stmt"/>
        <line num="19" count="57" type="stmt"/>
        <line num="20" count="57" type="cond" truecount="1" falsecount="0"/>
        <line num="21" count="5" type="stmt"/>
        <line num="22" count="5" type="stmt"/>
        <line num="23" count="5" type="cond" truecount="1" falsecount="0"/>
        <line num="24" count="4" type="stmt"/>
        <line num="25" count="4" type="stmt"/>
        <line num="26" count="5" type="stmt"/>
        <line num="27" count="5" type="cond" truecount="1" falsecount="0"/>
        <line num="28" count="3" type="stmt"/>
        <line num="29" count="5" type="cond" truecount="2" falsecount="0"/>
        <line num="30" count="1" type="stmt"/>
        <line num="31" count="1" type="stmt"/>
        <line num="32" count="5" type="stmt"/>
        <line num="33" count="5" type="cond" truecount="1" falsecount="0"/>
        <line num="34" count="3" type="stmt"/>
        <line num="35" count="5" type="cond" truecount="2" falsecount="0"/>
        <line num="36" count="1" type="stmt"/>
        <line num="37" count="1" type="stmt"/>
        <line num="38" count="5" type="stmt"/>
        <line num="39" count="5" type="stmt"/>
        <line num="40" count="5" type="stmt"/>
        <line num="41" count="57" type="stmt"/>
        <line num="42" count="57" type="cond" truecount="1" falsecount="0"/>
        <line num="43" count="5" type="stmt"/>
        <line num="44" count="5" type="stmt"/>
        <line num="45" count="5" type="stmt"/>
        <line num="46" count="5" type="cond" truecount="1" falsecount="0"/>
        <line num="47" count="4" type="stmt"/>
        <line num="48" count="4" type="stmt"/>
        <line num="49" count="4" type="cond" truecount="1" falsecount="0"/>
        <line num="50" count="1" type="stmt"/>
        <line num="51" count="1" type="stmt"/>
        <line num="52" count="1" type="stmt"/>
        <line num="53" count="57" type="stmt"/>
        <line num="54" count="57" type="stmt"/>
        <line num="55" count="57" type="stmt"/>
        <line num="56" count="57" type="stmt"/>
        <line num="57" count="57" type="stmt"/>
        <line num="58" count="57" type="stmt"/>
        <line num="59" count="57" type="stmt"/>
        <line num="60" count="57" type="stmt"/>
        <line num="61" count="57" type="stmt"/>
        <line num="62" count="57" type="stmt"/>
        <line num="63" count="57" type="cond" truecount="1" falsecount="0"/>
        <line num="64" count="57" type="stmt"/>
        <line num="65" count="57" type="stmt"/>
        <line num="66" count="57" type="stmt"/>
        <line num="67" count="57" type="stmt"/>
        <line num="68" count="57" type="stmt"/>
        <line num="69" count="57" type="stmt"/>
        <line num="70" count="57" type="stmt"/>
        <line num="71" count="57" type="stmt"/>
        <line num="72" count="57" type="stmt"/>
        <line num="73" count="57" type="stmt"/>
        <line num="74" count="57" type="stmt"/>
        <line num="75" count="57" type="cond" truecount="1" falsecount="0"/>
        <line num="76" count="57" type="stmt"/>
        <line num="77" count="57" type="stmt"/>
        <line num="78" count="57" type="stmt"/>
        <line num="79" count="57" type="stmt"/>
        <line num="80" count="57" type="stmt"/>
        <line num="81" count="57" type="stmt"/>
        <line num="82" count="57" type="stmt"/>
        <line num="83" count="57" type="stmt"/>
        <line num="84" count="57" type="stmt"/>
        <line num="85" count="57" type="stmt"/>
        <line num="86" count="57" type="stmt"/>
        <line num="87" count="57" type="cond" truecount="1" falsecount="0"/>
        <line num="88" count="57" type="stmt"/>
        <line num="89" count="57" type="stmt"/>
        <line num="90" count="57" type="stmt"/>
        <line num="91" count="57" type="stmt"/>
        <line num="92" count="57" type="stmt"/>
        <line num="93" count="57" type="stmt"/>
        <line num="94" count="57" type="stmt"/>
        <line num="95" count="57" type="stmt"/>
      </file>
    </package>
    <package name="ProductCard">
      <metrics statements="34" coveredstatements="34" conditionals="2" coveredconditionals="2" methods="2" coveredmethods="2"/>
      <file name="ProductCard.tsx" path="/home/adriana/Área de trabalho/RPV/mini-loja-testes-rpv/src/components/ProductCard/ProductCard.tsx">
        <metrics statements="34" coveredstatements="34" conditionals="2" coveredconditionals="2" methods="2" coveredmethods="2"/>
        <line num="1" count="1" type="stmt"/>
        <line num="2" count="1" type="stmt"/>
        <line num="3" count="1" type="stmt"/>
        <line num="4" count="1" type="stmt"/>
        <line num="5" count="1" type="stmt"/>
        <line num="6" count="1" type="stmt"/>
        <line num="7" count="1" type="stmt"/>
        <line num="8" count="1" type="cond" truecount="1" falsecount="0"/>
        <line num="9" count="6" type="stmt"/>
        <line num="10" count="6" type="stmt"/>
        <line num="11" count="6" type="stmt"/>
        <line num="12" count="6" type="stmt"/>
        <line num="13" count="6" type="stmt"/>
        <line num="14" count="6" type="stmt"/>
        <line num="15" count="6" type="stmt"/>
        <line num="16" count="6" type="stmt"/>
        <line num="17" count="6" type="stmt"/>
        <line num="18" count="6" type="stmt"/>
        <line num="19" count="6" type="stmt"/>
        <line num="20" count="6" type="stmt"/>
        <line num="21" count="6" type="stmt"/>
        <line num="22" count="6" type="stmt"/>
        <line num="23" count="6" type="stmt"/>
        <line num="24" count="6" type="stmt"/>
        <line num="25" count="6" type="stmt"/>
        <line num="26" count="6" type="stmt"/>
        <line num="27" count="6" type="cond" truecount="1" falsecount="0"/>
        <line num="28" count="6" type="stmt"/>
        <line num="29" count="6" type="stmt"/>
        <line num="30" count="6" type="stmt"/>
        <line num="31" count="6" type="stmt"/>
        <line num="32" count="6" type="stmt"/>
        <line num="33" count="6" type="stmt"/>
        <line num="34" count="6" type="stmt"/>
      </file>
    </package>
  </project>
</coverage>
