TN:
SF:src/components/Cart/Cart.tsx
FN:9,Cart
FNF:1
FNH:1
FNDA:5,Cart
DA:1,1
DA:2,1
DA:3,1
DA:4,1
DA:5,1
DA:6,1
DA:7,1
DA:8,1
DA:9,1
DA:10,5
DA:11,5
DA:12,5
DA:13,5
DA:14,5
DA:15,5
DA:16,5
DA:17,5
DA:18,5
DA:19,5
DA:20,5
DA:21,2
DA:22,2
DA:23,3
DA:24,3
DA:25,3
DA:26,3
DA:27,3
DA:28,3
DA:29,6
DA:30,3
DA:31,3
DA:32,3
DA:33,3
DA:34,3
DA:35,3
DA:36,3
DA:37,3
LF:37
LH:37
BRDA:9,0,0,5
BRDA:20,1,0,2
BRDA:22,2,0,3
BRDA:11,3,0,6
BRDA:28,4,0,6
BRF:5
BRH:5
end_of_record
TN:
SF:src/components/Cart/CartItem.tsx
FN:8,CartItem
FN:21,onClick
FNF:2
FNH:2
FNDA:6,CartItem
FNDA:1,onClick
DA:1,1
DA:2,1
DA:3,1
DA:4,1
DA:5,1
DA:6,1
DA:7,1
DA:8,1
DA:9,6
DA:10,6
DA:11,6
DA:12,6
DA:13,6
DA:14,6
DA:15,6
DA:16,6
DA:17,6
DA:18,6
DA:19,6
DA:20,6
DA:21,6
DA:22,6
DA:23,6
DA:24,6
LF:24
LH:24
BRDA:8,0,0,6
BRDA:21,1,0,1
BRF:2
BRH:2
end_of_record
TN:
SF:src/components/CheckoutForm/CheckoutForm.tsx
FN:14,CheckoutForm
FN:20,validate
FN:42,handleSubmit
FN:63,onChange
FN:75,onChange
FN:87,onChange
FNF:6
FNH:6
FNDA:57,CheckoutForm
FNDA:5,validate
FNDA:5,handleSubmit
FNDA:10,onChange
FNDA:25,onChange
FNDA:12,onChange
DA:1,1
DA:2,1
DA:3,1
DA:4,1
DA:5,1
DA:6,1
DA:7,1
DA:8,1
DA:9,1
DA:10,1
DA:11,1
DA:12,1
DA:13,1
DA:14,1
DA:15,57
DA:16,57
DA:17,57
DA:18,57
DA:19,57
DA:20,57
DA:21,5
DA:22,5
DA:23,5
DA:24,4
DA:25,4
DA:26,5
DA:27,5
DA:28,3
DA:29,5
DA:30,1
DA:31,1
DA:32,5
DA:33,5
DA:34,3
DA:35,5
DA:36,1
DA:37,1
DA:38,5
DA:39,5
DA:40,5
DA:41,57
DA:42,57
DA:43,5
DA:44,5
DA:45,5
DA:46,5
DA:47,4
DA:48,4
DA:49,4
DA:50,1
DA:51,1
DA:52,1
DA:53,57
DA:54,57
DA:55,57
DA:56,57
DA:57,57
DA:58,57
DA:59,57
DA:60,57
DA:61,57
DA:62,57
DA:63,57
DA:64,57
DA:65,57
DA:66,57
DA:67,57
DA:68,57
DA:69,57
DA:70,57
DA:71,57
DA:72,57
DA:73,57
DA:74,57
DA:75,57
DA:76,57
DA:77,57
DA:78,57
DA:79,57
DA:80,57
DA:81,57
DA:82,57
DA:83,57
DA:84,57
DA:85,57
DA:86,57
DA:87,57
DA:88,57
DA:89,57
DA:90,57
DA:91,57
DA:92,57
DA:93,57
DA:94,57
DA:95,57
LF:95
LH:95
BRDA:14,0,0,57
BRDA:20,1,0,5
BRDA:23,2,0,4
BRDA:27,3,0,3
BRDA:29,4,0,2
BRDA:29,5,0,1
BRDA:33,6,0,3
BRDA:35,7,0,2
BRDA:35,8,0,1
BRDA:42,9,0,5
BRDA:46,10,0,4
BRDA:49,11,0,1
BRDA:63,12,0,10
BRDA:75,13,0,25
BRDA:87,14,0,12
BRF:15
BRH:15
end_of_record
TN:
SF:src/components/ProductCard/ProductCard.tsx
FN:8,ProductCard
FN:27,onClick
FNF:2
FNH:2
FNDA:6,ProductCard
FNDA:1,onClick
DA:1,1
DA:2,1
DA:3,1
DA:4,1
DA:5,1
DA:6,1
DA:7,1
DA:8,1
DA:9,6
DA:10,6
DA:11,6
DA:12,6
DA:13,6
DA:14,6
DA:15,6
DA:16,6
DA:17,6
DA:18,6
DA:19,6
DA:20,6
DA:21,6
DA:22,6
DA:23,6
DA:24,6
DA:25,6
DA:26,6
DA:27,6
DA:28,6
DA:29,6
DA:30,6
DA:31,6
DA:32,6
DA:33,6
DA:34,6
LF:34
LH:34
BRDA:8,0,0,6
BRDA:27,1,0,1
BRF:2
BRH:2
end_of_record
